0 silly argv {
0 silly argv   _: [ 'create' ],
0 silly argv   lernaVersion: '3.20.2',
0 silly argv   '$0': '../../../.npm/_npx/70692/bin/lerna',
0 silly argv   name: 'specs'
0 silly argv }
1 notice cli v3.20.2
2 verbose rootPath /Users/hugo/coding/_repos/daedalus
3 info versioning independent
4 error Error: canceled
4 error     at Interface.<anonymous> (/Users/hugo/.npm/_npx/70692/lib/node_modules/lerna/node_modules/read/lib/read.js:66:13)
4 error     at Interface.emit (events.js:203:13)
4 error     at Interface._ttyWrite (readline.js:877:16)
4 error     at ReadStream.onkeypress (readline.js:189:10)
4 error     at ReadStream.emit (events.js:203:13)
4 error     at emitKeys (internal/readline.js:424:14)
4 error     at emitKeys.next (<anonymous>)
4 error     at ReadStream.onData (readline.js:1145:36)
4 error     at ReadStream.emit (events.js:203:13)
4 error     at addChunk (_stream_readable.js:294:12)
4 error     at readableAddChunk (_stream_readable.js:275:11)
4 error     at ReadStream.Readable.push (_stream_readable.js:210:10)
